********************************************************************************
DUPLICATOR-LITE PACKAGE-LOG: 12 June 2023 12h08
NOTICE: Do NOT post to public sites or forums 
********************************************************************************
VERSION:	1.5.4
WORDPRESS:	6.2.2
PHP INFO:	8.0.28 | SAPI: apache2handler
SERVER:		Apache/2.4.56 (Win64) OpenSSL/1.1.1t PHP/8.0.28 
PHP TIME LIMIT: (0) no time limit imposed 
PHP MAX MEMORY: 4294967296 (512M default) 
MEMORY STACK: 48MB

********************************************************************************
DATABASE:
********************************************************************************
BUILD MODE:   MYSQLDUMP
MYSQLTIMEOUT: 5000
MYSQLDUMP:    Is Supported
SQL CREATED: 20230612_wordpress_cbd5eb3b7a01d4064825_20230612120734_database.sql
SQL FILE SIZE: 764.62KB (782975)
SQL FILE TIME: 2023-06-12 12:08:12
SQL RUNTIME: 2.32 sec.

********************************************************************************
ARCHIVE (ZIP):
********************************************************************************
ARCHIVE DIR:  C:/xampp/htdocs/wordpress
ARCHIVE FILE: 20230612_wordpress_cbd5eb3b7a01d4064825_20230612120734_archive.zip
FILTERS: *OFF*
DIRS:
	not set
FILES:
	not set
EXTS:  not set
----------------------------------------
COMPRESSING
SIZE:	172.27MB
STATS:	Dirs 817 | Files 5,116
SQL ADDED: 20230612_wordpress_cbd5eb3b7a01d4064825_20230612120734_database.sql
ZipArchive Object
(
    [lastId] => 5932
    [status] => 0
    [statusSys] => 0
    [numFiles] => 5933
    [filename] => C:\xampp\htdocs\wordpress\wp-content\backups-dup-lite\tmp\20230612_wordpress_cbd5eb3b7a01d4064825_20230612120734_archive.zip
    [comment] => 
)

FILE ADDED TO ZIP: 5932
COMPRESSION RESULT: '1'
COMPRESSED SIZE: 93.73MB
ARCHIVE RUNTIME: 15.51 sec.
MEMORY STACK: 50MB
building installer
ARCHIVE CONSISTENCY TEST: PASS

********************************************************************************
INTEGRITY CHECKS:
********************************************************************************
SQL FILE: 764.62KB
INSTALLER FILE: 73.35KB
ARCHIVE FILE: 95.58MB 
COMPTE ATTENDU DE FICHIERS/RÉPERTOIRES : 5,933
COMPTE ACTUEL DE FICHIERS/RÉPERTOIRES : 5,932
TEST DE COHÉRENCE D’ARCHIVE : Bon

********************************************************************************
RECORD ID:[1]
TOTAL PROCESS RUNTIME: 19.85 sec.
PEAK PHP MEMORY USED: 50MB
DONE PROCESSING => 20230612_wordpress 12 June 2023 12h08

