********************************************************************************
DUPLICATOR-LITE PACKAGE-LOG: 15 June 2023 7h14
NOTICE: Do NOT post to public sites or forums 
********************************************************************************
VERSION:	1.5.4
WORDPRESS:	6.2.2
PHP INFO:	8.0.28 | SAPI: apache2handler
SERVER:		Apache/2.4.56 (Win64) OpenSSL/1.1.1t PHP/8.0.28 
PHP TIME LIMIT: (0) no time limit imposed 
PHP MAX MEMORY: 4294967296 (512M default) 
MEMORY STACK: 144MB

********************************************************************************
DATABASE:
********************************************************************************
BUILD MODE:   MYSQLDUMP
MYSQLTIMEOUT: 5000
MYSQLDUMP:    Is Supported
SQL CREATED: 20230612_wordpress_1a7585133577516a9556_20230615071336_database.sql
SQL FILE SIZE: 3.97MB (4158998)
SQL FILE TIME: 2023-06-15 07:14:35
SQL RUNTIME: 11.87 sec.

********************************************************************************
ARCHIVE (ZIP):
********************************************************************************
ARCHIVE DIR:  C:/xampp/htdocs/wordpress
ARCHIVE FILE: 20230612_wordpress_1a7585133577516a9556_20230615071336_archive.zip
FILTERS: *OFF*
DIRS:
	not set
FILES:
	not set
EXTS:  not set
----------------------------------------
COMPRESSING
SIZE:	376.38MB
STATS:	Dirs 3,868 | Files 23,024
SQL ADDED: 20230612_wordpress_1a7585133577516a9556_20230615071336_database.sql
ZipArchive Object
(
    [lastId] => 26891
    [status] => 0
    [statusSys] => 0
    [numFiles] => 26892
    [filename] => C:\xampp\htdocs\wordpress\wp-content\backups-dup-lite\tmp\20230612_wordpress_1a7585133577516a9556_20230615071336_archive.zip
    [comment] => 
)

FILE ADDED TO ZIP: 26891
COMPRESSION RESULT: '1'
COMPRESSED SIZE: 199.78MB
ARCHIVE RUNTIME: 46.90 sec.
MEMORY STACK: 152MB
building installer
ARCHIVE CONSISTENCY TEST: PASS

********************************************************************************
INTEGRITY CHECKS:
********************************************************************************
SQL FILE: 3.97MB
INSTALLER FILE: 73.35KB
ARCHIVE FILE: 202.02MB 
COMPTE ATTENDU DE FICHIERS/RÉPERTOIRES : 26,892
COMPTE ACTUEL DE FICHIERS/RÉPERTOIRES : 26,891
TEST DE COHÉRENCE D’ARCHIVE : Bon

********************************************************************************
RECORD ID:[2]
TOTAL PROCESS RUNTIME: 63.95 sec.
PEAK PHP MEMORY USED: 158MB
DONE PROCESSING => 20230612_wordpress 15 June 2023 7h15

